<?xml version="1.0" encoding="UTF-8"?>
<!-- Generated by org.testng.reporters.JUnitReportReporter -->
<testsuite skipped="0" hostname="INHYLANNUS" name="QaEssentialsTestNG.QaEssentialsTestNG.PositiveWorkFlow" tests="2" failures="0" timestamp="20 Oct 2017 05:15:36 GMT" time="47.632" errors="0">
  <testcase name="Login" time="39.939" classname="QaEssentialsTestNG.QaEssentialsTestNG.PositiveWorkFlow"/>
  <testcase name="LaunchUtilities" time="7.693" classname="QaEssentialsTestNG.QaEssentialsTestNG.PositiveWorkFlow"/>
</testsuite> <!-- QaEssentialsTestNG.QaEssentialsTestNG.PositiveWorkFlow -->
